\BOOKMARK [1][-]{section.1}{ Introduction}{}% 1
\BOOKMARK [1][-]{section.2}{ A general note on documentation in STIR}{}% 2
\BOOKMARK [1][-]{section.3}{ Installation}{}% 3
\BOOKMARK [2][-]{subsection.3.1}{ Installing source files}{section.3}% 4
\BOOKMARK [2][-]{subsection.3.2}{ Installing external software}{section.3}% 5
\BOOKMARK [3][-]{subsubsection.3.2.1}{BOOST}{subsection.3.2}% 6
\BOOKMARK [3][-]{subsubsection.3.2.2}{ C++ Compiler}{subsection.3.2}% 7
\BOOKMARK [3][-]{subsubsection.3.2.3}{ Enabling ECAT 7 support}{subsection.3.2}% 8
\BOOKMARK [3][-]{subsubsection.3.2.4}{ Enabling GE RDF and VOLPET support}{subsection.3.2}% 9
\BOOKMARK [2][-]{subsection.3.3}{ Compilation}{section.3}% 10
\BOOKMARK [3][-]{subsubsection.3.3.1}{ Using CMake}{subsection.3.3}% 11
\BOOKMARK [3][-]{subsubsection.3.3.2}{ Operating system specifics}{subsection.3.3}% 12
\BOOKMARK [4][-]{paragraph.3.3.2.1}{Mac OS}{subsubsection.3.3.2}% 13
\BOOKMARK [4][-]{paragraph.3.3.2.2}{All Unix/Linux flavours}{subsubsection.3.3.2}% 14
\BOOKMARK [4][-]{paragraph.3.3.2.3}{Cygwin on Windows}{subsubsection.3.3.2}% 15
\BOOKMARK [2][-]{subsection.3.4}{ Running tests}{section.3}% 16
\BOOKMARK [1][-]{section.4}{ Running STIR programs}{}% 17
\BOOKMARK [2][-]{subsection.4.1}{ Conventions}{section.4}% 18
\BOOKMARK [2][-]{subsection.4.2}{ Error handling etc}{section.4}% 19
\BOOKMARK [2][-]{subsection.4.3}{ Running programs using MPI }{section.4}% 20
\BOOKMARK [2][-]{subsection.4.4}{ Running programs using OPENMP }{section.4}% 21
\BOOKMARK [2][-]{subsection.4.5}{ File formats}{section.4}% 22
\BOOKMARK [3][-]{subsubsection.4.5.1}{Interfile}{subsection.4.5}% 23
\BOOKMARK [3][-]{subsubsection.4.5.2}{VOLPET sinograms}{subsection.4.5}% 24
\BOOKMARK [3][-]{subsubsection.4.5.3}{ECAT6 and ECAT7 data}{subsection.4.5}% 25
\BOOKMARK [3][-]{subsubsection.4.5.4}{Image IO using the AVW library}{subsection.4.5}% 26
\BOOKMARK [3][-]{subsubsection.4.5.5}{Image IO using the ITK library }{subsection.4.5}% 27
\BOOKMARK [3][-]{subsubsection.4.5.6}{SimSET files}{subsection.4.5}% 28
\BOOKMARK [2][-]{subsection.4.6}{ List mode processing}{section.4}% 29
\BOOKMARK [3][-]{subsubsection.4.6.1}{ lm\137to\137projdata}{subsection.4.6}% 30
\BOOKMARK [3][-]{subsubsection.4.6.2}{ lm\137to\137projdata\137bootstrap}{subsection.4.6}% 31
\BOOKMARK [3][-]{subsubsection.4.6.3}{ lm\137fansums}{subsection.4.6}% 32
\BOOKMARK [3][-]{subsubsection.4.6.4}{ list\137lm\137events}{subsection.4.6}% 33
\BOOKMARK [2][-]{subsection.4.7}{ Rebinning algorithms}{section.4}% 34
\BOOKMARK [3][-]{subsubsection.4.7.1}{ SSRB}{subsection.4.7}% 35
\BOOKMARK [2][-]{subsection.4.8}{ Image reconstruction programs}{section.4}% 36
\BOOKMARK [3][-]{subsubsection.4.8.1}{ Iterative algorithms}{subsection.4.8}% 37
\BOOKMARK [4][-]{paragraph.4.8.1.1}{Running OSMAPOSL on static projection data}{subsubsection.4.8.1}% 38
\BOOKMARK [4][-]{paragraph.4.8.1.2}{ Notes and technical issues regarding the selection of parameters}{subsubsection.4.8.1}% 39
\BOOKMARK [4][-]{paragraph.4.8.1.3}{Extra parameters the MPI version}{subsubsection.4.8.1}% 40
\BOOKMARK [4][-]{paragraph.4.8.1.4}{OSSPS}{subsubsection.4.8.1}% 41
\BOOKMARK [4][-]{paragraph.4.8.1.5}{Using list mode data as input}{subsubsection.4.8.1}% 42
\BOOKMARK [4][-]{paragraph.4.8.1.6}{Parametric image estimation algorithms}{subsubsection.4.8.1}% 43
\BOOKMARK [3][-]{subsubsection.4.8.2}{ Filtered back projection \(FBP2D\)}{subsection.4.8}% 44
\BOOKMARK [3][-]{subsubsection.4.8.3}{ 3D Reprojection Algorithm \(FBP3DRP\)}{subsection.4.8}% 45
\BOOKMARK [2][-]{subsection.4.9}{ Scatter Correction}{section.4}% 46
\BOOKMARK [3][-]{subsubsection.4.9.1}{Data Initialisation }{subsection.4.9}% 47
\BOOKMARK [3][-]{subsubsection.4.9.2}{SSS}{subsection.4.9}% 48
\BOOKMARK [3][-]{subsubsection.4.9.3}{Iterative loop \(if necessary\)}{subsection.4.9}% 49
\BOOKMARK [3][-]{subsubsection.4.9.4}{Limitations}{subsection.4.9}% 50
\BOOKMARK [2][-]{subsection.4.10}{ Parametric Image Construction using kinetic modelling}{section.4}% 51
\BOOKMARK [2][-]{subsection.4.11}{ Motion Correction}{section.4}% 52
\BOOKMARK [3][-]{subsubsection.4.11.1}{Data Preparation}{subsection.4.11}% 53
\BOOKMARK [4][-]{paragraph.4.11.1.1}{Coordinate system for motion vectors: }{subsubsection.4.11.1}% 54
\BOOKMARK [3][-]{subsubsection.4.11.2}{Motion Correction}{subsection.4.11}% 55
\BOOKMARK [4][-]{paragraph.4.11.2.1}{RTA}{subsubsection.4.11.2}% 56
\BOOKMARK [4][-]{paragraph.4.11.2.2}{MCIR}{subsubsection.4.11.2}% 57
\BOOKMARK [3][-]{subsubsection.4.11.3}{Regularisation and Noise}{subsection.4.11}% 58
\BOOKMARK [3][-]{subsubsection.4.11.4}{Further Extensions for the Future}{subsection.4.11}% 59
\BOOKMARK [3][-]{subsubsection.4.11.5}{Realistic Datasets and other info}{subsection.4.11}% 60
\BOOKMARK [2][-]{subsection.4.12}{ Utilities}{section.4}% 61
\BOOKMARK [3][-]{subsubsection.4.12.1}{ Displaying and performing operations on data}{subsection.4.12}% 62
\BOOKMARK [4][-]{paragraph.4.12.1.1}{list\137image\137info}{subsubsection.4.12.1}% 63
\BOOKMARK [4][-]{paragraph.4.12.1.2}{stir\137write\137pgm}{subsubsection.4.12.1}% 64
\BOOKMARK [4][-]{paragraph.4.12.1.3}{manip\137image}{subsubsection.4.12.1}% 65
\BOOKMARK [4][-]{paragraph.4.12.1.4}{manip\137projdata}{subsubsection.4.12.1}% 66
\BOOKMARK [4][-]{paragraph.4.12.1.5}{display\137projdata}{subsubsection.4.12.1}% 67
\BOOKMARK [4][-]{paragraph.4.12.1.6}{list\137projdata\137info}{subsubsection.4.12.1}% 68
\BOOKMARK [4][-]{paragraph.4.12.1.7}{create\137projdata\137template}{subsubsection.4.12.1}% 69
\BOOKMARK [4][-]{paragraph.4.12.1.8}{extract\137segments}{subsubsection.4.12.1}% 70
\BOOKMARK [4][-]{paragraph.4.12.1.9}{stir\137math}{subsubsection.4.12.1}% 71
\BOOKMARK [4][-]{paragraph.4.12.1.10}{generate\137image}{subsubsection.4.12.1}% 72
\BOOKMARK [4][-]{paragraph.4.12.1.11}{zoom\137image}{subsubsection.4.12.1}% 73
\BOOKMARK [4][-]{paragraph.4.12.1.12}{get\137time\137frame\137info}{subsubsection.4.12.1}% 74
\BOOKMARK [4][-]{paragraph.4.12.1.13}{list\137ROI\137values}{subsubsection.4.12.1}% 75
\BOOKMARK [3][-]{subsubsection.4.12.2}{ Converting data}{subsection.4.12}% 76
\BOOKMARK [4][-]{paragraph.4.12.2.1}{conv\137to\137ecat6}{subsubsection.4.12.2}% 77
\BOOKMARK [4][-]{paragraph.4.12.2.2}{conv\137to\137ecat7}{subsubsection.4.12.2}% 78
\BOOKMARK [4][-]{paragraph.4.12.2.3}{ifheaders\137for\137ecat7: ECAT7 support for reading}{subsubsection.4.12.2}% 79
\BOOKMARK [4][-]{paragraph.4.12.2.4}{ecat\137swap\137corners}{subsubsection.4.12.2}% 80
\BOOKMARK [4][-]{paragraph.4.12.2.5}{copy\137ecat7\137header}{subsubsection.4.12.2}% 81
\BOOKMARK [4][-]{paragraph.4.12.2.6}{conv\137AVW}{subsubsection.4.12.2}% 82
\BOOKMARK [4][-]{paragraph.4.12.2.7}{conv\137GATE\137projdata\137to\137interfile}{subsubsection.4.12.2}% 83
\BOOKMARK [4][-]{paragraph.4.12.2.8}{conv\137gipl\137to\137interfile and conv\137interfile\137to\137gipl}{subsubsection.4.12.2}% 84
\BOOKMARK [3][-]{subsubsection.4.12.3}{ Filtering image data}{subsection.4.12}% 85
\BOOKMARK [3][-]{subsubsection.4.12.4}{ Comparing files}{subsection.4.12}% 86
\BOOKMARK [3][-]{subsubsection.4.12.5}{ Precorrecting \(or uncorrecting\) projection data}{subsection.4.12}% 87
\BOOKMARK [3][-]{subsubsection.4.12.6}{ Generating Poisson noise}{subsection.4.12}% 88
\BOOKMARK [3][-]{subsubsection.4.12.7}{Motion related utilities}{subsection.4.12}% 89
\BOOKMARK [4][-]{paragraph.4.12.7.1}{warp\137image}{subsubsection.4.12.7}% 90
\BOOKMARK [4][-]{paragraph.4.12.7.2}{warp\137and\137accumulate\137gated\137images}{subsubsection.4.12.7}% 91
\BOOKMARK [4][-]{paragraph.4.12.7.3}{zeropad\137planes}{subsubsection.4.12.7}% 92
\BOOKMARK [4][-]{paragraph.4.12.7.4}{shift\137image\137origin}{subsubsection.4.12.7}% 93
\BOOKMARK [4][-]{paragraph.4.12.7.5}{shift\137image}{subsubsection.4.12.7}% 94
\BOOKMARK [3][-]{subsubsection.4.12.8}{ Using projectors}{subsection.4.12}% 95
\BOOKMARK [4][-]{paragraph.4.12.8.1}{ Utilities for forward or back-projection}{subsubsection.4.12.8}% 96
\BOOKMARK [4][-]{paragraph.4.12.8.2}{Utilities for testing}{subsubsection.4.12.8}% 97
\BOOKMARK [3][-]{subsubsection.4.12.9}{ Interfacing with SimSET}{subsection.4.12}% 98
\BOOKMARK [2][-]{subsection.4.13}{ User-selectable components}{section.4}% 99
\BOOKMARK [3][-]{subsubsection.4.13.1}{ Available output file formats}{subsection.4.13}% 100
\BOOKMARK [4][-]{paragraph.4.13.1.1}{Common parameters}{subsubsection.4.13.1}% 101
\BOOKMARK [4][-]{paragraph.4.13.1.2}{Interfile}{subsubsection.4.13.1}% 102
\BOOKMARK [4][-]{paragraph.4.13.1.3}{ITK}{subsubsection.4.13.1}% 103
\BOOKMARK [4][-]{paragraph.4.13.1.4}{ECAT6}{subsubsection.4.13.1}% 104
\BOOKMARK [4][-]{paragraph.4.13.1.5}{ECAT7}{subsubsection.4.13.1}% 105
\BOOKMARK [3][-]{subsubsection.4.13.2}{ Available filters or data processors}{subsection.4.13}% 106
\BOOKMARK [4][-]{paragraph.4.13.2.1}{Separable Convolution}{subsubsection.4.13.2}% 107
\BOOKMARK [4][-]{paragraph.4.13.2.2}{Separable Cartesian Metz}{subsubsection.4.13.2}% 108
\BOOKMARK [4][-]{paragraph.4.13.2.3}{Median}{subsubsection.4.13.2}% 109
\BOOKMARK [4][-]{paragraph.4.13.2.4}{Truncate To Cylindrical FOV}{subsubsection.4.13.2}% 110
\BOOKMARK [4][-]{paragraph.4.13.2.5}{Threshold Min To Small Positive Value}{subsubsection.4.13.2}% 111
\BOOKMARK [4][-]{paragraph.4.13.2.6}{Chained Data Processor}{subsubsection.4.13.2}% 112
\BOOKMARK [3][-]{subsubsection.4.13.3}{ Incorporating prior information}{subsection.4.13}% 113
\BOOKMARK [4][-]{paragraph.4.13.3.1}{FilterRootPrior}{subsubsection.4.13.3}% 114
\BOOKMARK [4][-]{paragraph.4.13.3.2}{Quadratic}{subsubsection.4.13.3}% 115
\BOOKMARK [4][-]{paragraph.4.13.3.3}{Parallel Level Sets}{subsubsection.4.13.3}% 116
\BOOKMARK [3][-]{subsubsection.4.13.4}{ Selecting different projector pairs}{subsection.4.13}% 117
\BOOKMARK [4][-]{paragraph.4.13.4.1}{Matrix}{subsubsection.4.13.4}% 118
\BOOKMARK [4][-]{paragraph.4.13.4.2}{Separate Projectors }{subsubsection.4.13.4}% 119
\BOOKMARK [3][-]{subsubsection.4.13.5}{ Selecting a forward projector}{subsection.4.13}% 120
\BOOKMARK [4][-]{paragraph.4.13.5.1}{Matrix}{subsubsection.4.13.5}% 121
\BOOKMARK [4][-]{paragraph.4.13.5.2}{Ray Tracing}{subsubsection.4.13.5}% 122
\BOOKMARK [4][-]{paragraph.4.13.5.3}{Pre Smoothing}{subsubsection.4.13.5}% 123
\BOOKMARK [3][-]{subsubsection.4.13.6}{ Selecting a back projector}{subsection.4.13}% 124
\BOOKMARK [4][-]{paragraph.4.13.6.1}{Matrix}{subsubsection.4.13.6}% 125
\BOOKMARK [4][-]{paragraph.4.13.6.2}{Interpolation}{subsubsection.4.13.6}% 126
\BOOKMARK [4][-]{paragraph.4.13.6.3}{Post Smoothing}{subsubsection.4.13.6}% 127
\BOOKMARK [3][-]{subsubsection.4.13.7}{ Selecting a projection matrix}{subsection.4.13}% 128
\BOOKMARK [4][-]{paragraph.4.13.7.1}{Common parameters to all projection matrices}{subsubsection.4.13.7}% 129
\BOOKMARK [4][-]{paragraph.4.13.7.2}{Ray Tracing}{subsubsection.4.13.7}% 130
\BOOKMARK [4][-]{paragraph.4.13.7.3}{Interpolation}{subsubsection.4.13.7}% 131
\BOOKMARK [4][-]{paragraph.4.13.7.4}{SPECT UB}{subsubsection.4.13.7}% 132
\BOOKMARK [4][-]{paragraph.4.13.7.5}{From File}{subsubsection.4.13.7}% 133
\BOOKMARK [3][-]{subsubsection.4.13.8}{ Selecting a bin normalisation procedure}{subsection.4.13}% 134
\BOOKMARK [4][-]{paragraph.4.13.8.1}{From Projdata}{subsubsection.4.13.8}% 135
\BOOKMARK [4][-]{paragraph.4.13.8.2}{From ECAT7}{subsubsection.4.13.8}% 136
\BOOKMARK [4][-]{paragraph.4.13.8.3}{From Attenuation Image}{subsubsection.4.13.8}% 137
\BOOKMARK [4][-]{paragraph.4.13.8.4}{Chained }{subsubsection.4.13.8}% 138
\BOOKMARK [3][-]{subsubsection.4.13.9}{ Available shapes}{subsection.4.13}% 139
\BOOKMARK [4][-]{paragraph.4.13.9.1}{Box3D}{subsubsection.4.13.9}% 140
\BOOKMARK [4][-]{paragraph.4.13.9.2}{Ellipsoid}{subsubsection.4.13.9}% 141
\BOOKMARK [4][-]{paragraph.4.13.9.3}{Ellipsoidal Cylinder}{subsubsection.4.13.9}% 142
\BOOKMARK [4][-]{paragraph.4.13.9.4}{Discretised Shape3D}{subsubsection.4.13.9}% 143
\BOOKMARK [2][-]{subsection.4.14}{ Display}{section.4}% 144
\BOOKMARK [3][-]{subsubsection.4.14.1}{ X Windows display}{subsection.4.14}% 145
\BOOKMARK [3][-]{subsubsection.4.14.2}{ PGM display}{subsection.4.14}% 146
\BOOKMARK [3][-]{subsubsection.4.14.3}{ MathLink display}{subsection.4.14}% 147
\BOOKMARK [1][-]{section.5}{B-spline interpolation in STIR}{}% 148
\BOOKMARK [1][-]{section.6}{ Directories in the STIR tree}{}% 149
\BOOKMARK [1][-]{section.7}{ Future developments and Support}{}% 150
\BOOKMARK [1][-]{section.8}{ References}{}% 151
